= Host-specific information ====================================================
$> hostname; uname -msr
e1r8p20.42.fr
Darwin 15.4.0 x86_64
$> date
Sat Mar 26 17:16:32 CET 2016
$> gcc --version
Configured with: --prefix=/Library/Developer/CommandLineTools/usr --with-gxx-include-dir=/usr/include/c++/4.2.1
Apple LLVM version 7.3.0 (clang-703.0.29)
Target: x86_64-apple-darwin15.4.0
Thread model: posix
InstalledDir: /Library/Developer/CommandLineTools/usr/bin
$> clang --version
Apple LLVM version 7.3.0 (clang-703.0.29)
Target: x86_64-apple-darwin15.4.0
Thread model: posix
InstalledDir: /Library/Developer/CommandLineTools/usr/bin

= User files collection ========================================================
Collecting user files from Vogsphere
Repository URL: intra/2016/activities/fillit/aljourda2

= Git history ==================================================================
$> git -C /var/folders/gs/l_zx772x43g447nzgr89g5t80000gq/T/tmpSW77IZ/user log --pretty='%H - %an, %ad : %s'
88256d27b0203878b301f2fc37a6a247546726ae - Alexandre JOURDAIN, Sat Mar 26 14:23:05 2016 +0100 : norminette
080d37ef3f5d4ac4cf567167e644c93ef9ac51f0 - Sebastien VASSAL, Sat Mar 26 14:20:45 2016 +0100 : Push
 
= Collected files ==========================================
$> ls -lAR /var/folders/gs/l_zx772x43g447nzgr89g5t80000gq/T/tmpSW77IZ/user
total 72
-rw-r--r--  1 deepthought  deepthought  1185 Mar 26 17:16 Makefile
-rw-r--r--  1 deepthought  deepthought   898 Mar 26 17:16 __GIT_HISTORY
-rw-r--r--  1 deepthought  deepthought  1744 Mar 26 17:16 ft_display.c
-rw-r--r--  1 deepthought  deepthought  2179 Mar 26 17:16 ft_fillit.h
-rw-r--r--  1 deepthought  deepthought  2521 Mar 26 17:16 ft_parse.c
-rw-r--r--  1 deepthought  deepthought  2312 Mar 26 17:16 ft_place.c
-rw-r--r--  1 deepthought  deepthought  2387 Mar 26 17:16 ft_solver.c
-rw-r--r--  1 deepthought  deepthought  2404 Mar 26 17:16 ft_tetriminos.c
-rw-r--r--  1 deepthought  deepthought  1325 Mar 26 17:16 main.c
 
= error_tests ==================================================================
$> /usr/bin/norminette -R CheckForbiddenSourceHeader ft_fillit.h ft_tetriminos.c ft_solver.c ft_place.c ft_display.c ft_parse.c main.c | grep -E '^(Error|Warning)'

$> make fclean && make && ls -la fillit
rm -f ft_display.o ft_parse.o ft_solver.o ft_tetriminos.o ft_place.o main.o
rm -f fillit
gcc -c -Wall -Wextra -Werror ft_display.c -o ft_display.o
gcc -c -Wall -Wextra -Werror ft_parse.c -o ft_parse.o
gcc -c -Wall -Wextra -Werror ft_solver.c -o ft_solver.o
gcc -c -Wall -Wextra -Werror ft_tetriminos.c -o ft_tetriminos.o
gcc -c -Wall -Wextra -Werror ft_place.c -o ft_place.o
gcc -c -Wall -Wextra -Werror main.c -o main.o
gcc -o fillit ft_display.o ft_parse.o ft_solver.o ft_tetriminos.o ft_place.o main.o
-rwxr-xr-x  1 deepthought  deepthought  13664 Mar 26 17:16 fillit

= Test 1 ===================================================
$> ./zvoql6heux0ha9o7v6fyo4g8 test1.prm
$> diff -U 3 user_output_test1 test1.output | cat -e

Diff OK :D
= Test 2 ===================================================
$> ./blgzxn28e3we7mb1q1e764sp test2.prm
$> diff -U 3 user_output_test2 test2.output | cat -e

Diff OK :D
= Test 3 ===================================================
$> ./bzh4b5tc7db030eidwg8srpp test3.prm
$> diff -U 3 user_output_test3 test3.output | cat -e

Diff OK :D
= Test 4 ===================================================
$> ./p9d69hp43cfeyt8j0i55cpsz test4.prm
$> diff -U 3 user_output_test4 test4.output | cat -e

Diff OK :D
= Test 5 ===================================================
$> ./94nbete111nvogw9bsh3zegr test5.prm
$> diff -U 3 user_output_test5 test5.output | cat -e

Diff OK :D
= Test 6 ===================================================
$> ./ktp7z8tcqnxd8ikqdmehm95v test6.prm
$> diff -U 3 user_output_test6 test6.output | cat -e

Diff OK :D
= Test 7 ===================================================
$> ./0ie43hci9kbohziy3afz1fqy test7.prm
$> diff -U 3 user_output_test7 test7.output | cat -e

Diff OK :D
= Test 8 ===================================================
$> ./ht47g18vtmrl3e5n6iqmhk4j test8.prm
$> diff -U 3 user_output_test8 test8.output | cat -e

Diff OK :D
= Test 9 ===================================================
$> ./f1i44jjy7vunlkk8lrm8lgig test9.prm
$> diff -U 3 user_output_test9 test9.output | cat -e

Diff OK :D
= Test 10 ==================================================
$> ./5ujwevgtcw2iwozrntyxckxx test10.prm
$> diff -U 3 user_output_test10 test10.output | cat -e

Diff OK :D
All tests OK
Grade: 20

= basic_tests ==================================================================
$> /usr/bin/norminette -R CheckForbiddenSourceHeader ft_fillit.h ft_tetriminos.c ft_solver.c ft_place.c ft_display.c ft_parse.c main.c | grep -E '^(Error|Warning)'

$> make fclean && make && ls -la fillit
rm -f ft_display.o ft_parse.o ft_solver.o ft_tetriminos.o ft_place.o main.o
rm -f fillit
gcc -c -Wall -Wextra -Werror ft_display.c -o ft_display.o
gcc -c -Wall -Wextra -Werror ft_parse.c -o ft_parse.o
gcc -c -Wall -Wextra -Werror ft_solver.c -o ft_solver.o
gcc -c -Wall -Wextra -Werror ft_tetriminos.c -o ft_tetriminos.o
gcc -c -Wall -Wextra -Werror ft_place.c -o ft_place.o
gcc -c -Wall -Wextra -Werror main.c -o main.o
gcc -o fillit ft_display.o ft_parse.o ft_solver.o ft_tetriminos.o ft_place.o main.o
-rwxr-xr-x  1 deepthought  deepthought  13664 Mar 26 17:16 fillit

= Test 1 ===================================================
$> ./8hkwlmdl0m2qzycqicqilt6d test1.prm
$> diff -U 3 user_output_test1 test1.output | cat -e

Diff OK :D
= Test 2 ===================================================
$> ./8oiifwksvemspqcbxtbb7lcq test2.prm
$> diff -U 3 user_output_test2 test2.output | cat -e

Diff OK :D
= Test 3 ===================================================
$> ./04lhak8tt564eup90ywxi3ii test3.prm
$> diff -U 3 user_output_test3 test3.output | cat -e

Diff OK :D
= Test 4 ===================================================
$> ./sy8t120855xhtx8w81214ddq test4.prm
$> diff -U 3 user_output_test4 test4.output | cat -e

Diff OK :D
= Test 5 ===================================================
$> ./kf3nmyy9cgfxg1yvkbo949kk test5.prm
$> diff -U 3 user_output_test5 test5.output | cat -e

Diff OK :D
= Test 6 ===================================================
$> ./s9gv5ht209mg26ysr6nq7uf5 test6.prm
$> diff -U 3 user_output_test6 test6.output | cat -e

Diff OK :D
= Test 7 ===================================================
$> ./ksje5cur2ulr5o7qwr2pwcmr test7.prm
$> diff -U 3 user_output_test7 test7.output | cat -e

Diff OK :D
All tests OK
Grade: 80

= Final grade: 100 =============================================================
